<?xml version="1.0" encoding="UTF-8"?>
<!-- Generated by org.testng.reporters.JUnitXMLReporter -->
<testsuite ignored="0" hostname="DESKTOP-EI4OMNN" failures="0" tests="2" name="Test" time="0.195" errors="0" timestamp="2024-02-02T14:17:38 IST">
  <testcase classname="genericutilities.Baseclass" name="@BeforeClass classSetUp" time="0.031">
    <failure type="java.lang.NullPointerException" message="Cannot invoke &amp;quot;String.hashCode()&amp;quot; because &amp;quot;browser&amp;quot; is null">
      <![CDATA[java.lang.NullPointerException: Cannot invoke "String.hashCode()" because "browser" is null
at genericutilities.WebDriverUtility.launchBrowserAndMaximize(WebDriverUtility.java:39)
at genericutilities.Baseclass.classSetUp(Baseclass.java:49)
at java.base/java.util.ArrayList.forEach(ArrayList.java:1511)
... Removed 25 stack frames]]>
    </failure>
  </testcase> <!-- @BeforeClass classSetUp -->
  <testcase classname="genericutilities.Baseclass" name="@BeforeMethod methodSetup" time="0.0">
    <skipped/>
  </testcase> <!-- @BeforeMethod methodSetup -->
  <testcase classname="genericutilities.Baseclass" name="@AfterMethod methodTearDown" time="0.0">
    <skipped/>
  </testcase> <!-- @AfterMethod methodTearDown -->
  <testcase classname="genericutilities.Baseclass" name="@AfterClass classTearDown" time="0.0">
    <skipped/>
  </testcase> <!-- @AfterClass classTearDown -->
  <testcase classname="genericutilities.Baseclass" name="@BeforeClass classSetUp" time="0.008">
    <failure type="java.lang.NullPointerException" message="Cannot invoke &amp;quot;String.hashCode()&amp;quot; because &amp;quot;browser&amp;quot; is null">
      <![CDATA[java.lang.NullPointerException: Cannot invoke "String.hashCode()" because "browser" is null
at genericutilities.WebDriverUtility.launchBrowserAndMaximize(WebDriverUtility.java:39)
at genericutilities.Baseclass.classSetUp(Baseclass.java:49)
at java.base/java.util.ArrayList.forEach(ArrayList.java:1511)
... Removed 25 stack frames]]>
    </failure>
  </testcase> <!-- @BeforeClass classSetUp -->
  <testcase classname="genericutilities.Baseclass" name="@BeforeMethod methodSetup" time="0.0">
    <skipped/>
  </testcase> <!-- @BeforeMethod methodSetup -->
  <testcase classname="genericutilities.Baseclass" name="@AfterMethod methodTearDown" time="0.0">
    <skipped/>
  </testcase> <!-- @AfterMethod methodTearDown -->
  <testcase classname="genericutilities.Baseclass" name="@AfterClass classTearDown" time="0.0">
    <skipped/>
  </testcase> <!-- @AfterClass classTearDown -->
  <testcase classname="TestScripts.AddCategoryTest" name="addcategoryTest" time="0.001">
    <skipped/>
  </testcase> <!-- addcategoryTest -->
  <testcase classname="TestScripts.AddUsertest" name="adduserTest" time="0.0">
    <skipped/>
  </testcase> <!-- adduserTest -->
</testsuite> <!-- Test -->
